<?xml version="1.0" encoding="UTF-8"?>
<!-- Generated by org.testng.reporters.JUnitXMLReporter -->
<testsuite hostname="DESKTOP-O2DK7QJ" ignored="0" name="Login Test" tests="1" failures="1" timestamp="2019-09-14T11:44:33 IDT" time="20.384" errors="0">
  <testcase name="loginTest" time="8.105" classname="com.myStore.testCasses.TC_LoginTest_001">
    <failure type="java.lang.AssertionError" message="did not expect to find [true] but found [false]">
      <![CDATA[java.lang.AssertionError: did not expect to find [true] but found [false]
at com.myStore.testCasses.TC_LoginTest_001.loginTest(TC_LoginTest_001.java:35)
at java.util.ArrayList.forEach(Unknown Source)
... Removed 31 stack frames]]>
    </failure>
  </testcase> <!-- loginTest -->
</testsuite> <!-- Login Test -->
