<?xml version="1.0" encoding="UTF-8"?>
<testng-results skipped="0" failed="0" ignored="0" total="1" passed="1">
  <reporter-output>
  </reporter-output>
  <suite name="myStore" duration-ms="22513" started-at="2019-09-14T19:25:12 IDT" finished-at="2019-09-14T19:25:34 IDT">
    <groups>
    </groups>
    <test name="Login Test" duration-ms="22513" started-at="2019-09-14T19:25:12 IDT" finished-at="2019-09-14T19:25:34 IDT">
      <class name="com.myStore.testCasses.TC_LoginTest_001">
        <test-method status="PASS" signature="setExtent()[pri:0, instance:com.myStore.testCasses.TC_LoginTest_001@3fee9989]" name="setExtent" is-config="true" duration-ms="145" started-at="2019-09-14T19:25:12 IDT" finished-at="2019-09-14T19:25:12 IDT">
          <reporter-output>
          </reporter-output>
        </test-method> <!-- setExtent -->
        <test-method status="PASS" signature="setup(java.lang.String)[pri:0, instance:com.myStore.testCasses.TC_LoginTest_001@3fee9989]" name="setup" is-config="true" duration-ms="11439" started-at="2019-09-14T19:25:12 IDT" finished-at="2019-09-14T19:25:23 IDT">
          <params>
            <param index="0">
              <value>
                <![CDATA[chrome]]>
              </value>
            </param>
          </params>
          <reporter-output>
          </reporter-output>
        </test-method> <!-- setup -->
        <test-method status="PASS" signature="loginTest()[pri:0, instance:com.myStore.testCasses.TC_LoginTest_001@3fee9989]" name="loginTest" duration-ms="9894" started-at="2019-09-14T19:25:23 IDT" finished-at="2019-09-14T19:25:33 IDT">
          <reporter-output>
          </reporter-output>
        </test-method> <!-- loginTest -->
        <test-method status="PASS" signature="tearDown(org.testng.ITestResult)[pri:0, instance:com.myStore.testCasses.TC_LoginTest_001@3fee9989]" name="tearDown" is-config="true" duration-ms="9" started-at="2019-09-14T19:25:33 IDT" finished-at="2019-09-14T19:25:33 IDT">
          <params>
            <param index="0">
              <value>
                <![CDATA[[TestResult name=loginTest status=SUCCESS method=TC_LoginTest_001.loginTest()[pri:0, instance:com.myStore.testCasses.TC_LoginTest_001@3fee9989] output={null}]]]>
              </value>
            </param>
          </params>
          <reporter-output>
          </reporter-output>
        </test-method> <!-- tearDown -->
        <test-method status="PASS" signature="tearDown()[pri:0, instance:com.myStore.testCasses.TC_LoginTest_001@3fee9989]" name="tearDown" is-config="true" duration-ms="643" started-at="2019-09-14T19:25:33 IDT" finished-at="2019-09-14T19:25:34 IDT">
          <reporter-output>
          </reporter-output>
        </test-method> <!-- tearDown -->
        <test-method status="PASS" signature="endReport()[pri:0, instance:com.myStore.testCasses.TC_LoginTest_001@3fee9989]" name="endReport" is-config="true" duration-ms="351" started-at="2019-09-14T19:25:34 IDT" finished-at="2019-09-14T19:25:34 IDT">
          <reporter-output>
          </reporter-output>
        </test-method> <!-- endReport -->
      </class> <!-- com.myStore.testCasses.TC_LoginTest_001 -->
    </test> <!-- Login Test -->
  </suite> <!-- myStore -->
</testng-results>
