<?xml version="1.0" encoding="UTF-8"?>
<testng-results skipped="0" failed="0" ignored="0" total="1" passed="1">
  <reporter-output>
  </reporter-output>
  <suite name="myStore" duration-ms="32148" started-at="2019-09-17T12:22:06 IDT" finished-at="2019-09-17T12:22:39 IDT">
    <groups>
    </groups>
    <test name="Login Test" duration-ms="32148" started-at="2019-09-17T12:22:06 IDT" finished-at="2019-09-17T12:22:39 IDT">
      <class name="com.myStore.testCasses.TC_SanetyTest_002">
        <test-method status="PASS" signature="setExtent()[pri:0, instance:com.myStore.testCasses.TC_SanetyTest_002@6737fd8f]" name="setExtent" is-config="true" duration-ms="145" started-at="2019-09-17T12:22:06 IDT" finished-at="2019-09-17T12:22:07 IDT">
          <reporter-output>
          </reporter-output>
        </test-method> <!-- setExtent -->
        <test-method status="PASS" signature="setup(java.lang.String)[pri:0, instance:com.myStore.testCasses.TC_SanetyTest_002@6737fd8f]" name="setup" is-config="true" duration-ms="10368" started-at="2019-09-17T12:22:07 IDT" finished-at="2019-09-17T12:22:17 IDT">
          <params>
            <param index="0">
              <value>
                <![CDATA[chrome]]>
              </value>
            </param>
          </params>
          <reporter-output>
          </reporter-output>
        </test-method> <!-- setup -->
        <test-method status="PASS" signature="sanetyTest()[pri:0, instance:com.myStore.testCasses.TC_SanetyTest_002@6737fd8f]" name="sanetyTest" duration-ms="20653" started-at="2019-09-17T12:22:17 IDT" finished-at="2019-09-17T12:22:38 IDT">
          <reporter-output>
          </reporter-output>
        </test-method> <!-- sanetyTest -->
        <test-method status="PASS" signature="tearDown(org.testng.ITestResult)[pri:0, instance:com.myStore.testCasses.TC_SanetyTest_002@6737fd8f]" name="tearDown" is-config="true" duration-ms="9" started-at="2019-09-17T12:22:38 IDT" finished-at="2019-09-17T12:22:38 IDT">
          <params>
            <param index="0">
              <value>
                <![CDATA[[TestResult name=sanetyTest status=SUCCESS method=TC_SanetyTest_002.sanetyTest()[pri:0, instance:com.myStore.testCasses.TC_SanetyTest_002@6737fd8f] output={null}]]]>
              </value>
            </param>
          </params>
          <reporter-output>
          </reporter-output>
        </test-method> <!-- tearDown -->
        <test-method status="PASS" signature="tearDown()[pri:0, instance:com.myStore.testCasses.TC_SanetyTest_002@6737fd8f]" name="tearDown" is-config="true" duration-ms="645" started-at="2019-09-17T12:22:38 IDT" finished-at="2019-09-17T12:22:38 IDT">
          <reporter-output>
          </reporter-output>
        </test-method> <!-- tearDown -->
        <test-method status="PASS" signature="endReport()[pri:0, instance:com.myStore.testCasses.TC_SanetyTest_002@6737fd8f]" name="endReport" is-config="true" duration-ms="292" started-at="2019-09-17T12:22:38 IDT" finished-at="2019-09-17T12:22:39 IDT">
          <reporter-output>
          </reporter-output>
        </test-method> <!-- endReport -->
      </class> <!-- com.myStore.testCasses.TC_SanetyTest_002 -->
    </test> <!-- Login Test -->
  </suite> <!-- myStore -->
</testng-results>
